werkzeug - WARNING -  * Debugger is active!
werkzeug - INFO -  * Debugger PIN: 871-619-424
werkzeug - INFO - 127.0.0.1 - - [12/Aug/2023 14:31:31] "[32mGET / HTTP/1.1[0m" 302 -
werkzeug - INFO - 127.0.0.1 - - [12/Aug/2023 14:31:31] "GET /home HTTP/1.1" 200 -
werkzeug - INFO - 127.0.0.1 - - [12/Aug/2023 14:32:04] "[32mGET / HTTP/1.1[0m" 302 -
werkzeug - INFO - 127.0.0.1 - - [12/Aug/2023 14:32:04] "GET /home HTTP/1.1" 200 -
werkzeug - INFO -  * Detected change in '/home/ksmith/birds/stock_stuff/web/app.py', reloading
werkzeug - WARNING -  * Debugger is active!
werkzeug - INFO -  * Debugger PIN: 871-619-424
root - DEBUG - Redirecting from root (/) to home (/home)
werkzeug - INFO - 127.0.0.1 - - [12/Aug/2023 14:33:12] "[32mGET / HTTP/1.1[0m" 302 -
werkzeug - INFO - 127.0.0.1 - - [12/Aug/2023 14:33:12] "GET /home HTTP/1.1" 200 -
werkzeug - INFO - [31m[1mWARNING: This is a development server. Do not use it in a production deployment. Use a production WSGI server instead.[0m
 * Running on http://127.0.0.1:5000
werkzeug - INFO - [33mPress CTRL+C to quit[0m
root - DEBUG - Redirecting from root (/) to home (/home)
werkzeug - INFO - 127.0.0.1 - - [12/Aug/2023 14:33:44] "[32mGET / HTTP/1.1[0m" 302 -
werkzeug - INFO - 127.0.0.1 - - [12/Aug/2023 14:33:44] "GET /home HTTP/1.1" 200 -
werkzeug - INFO - [31m[1mWARNING: This is a development server. Do not use it in a production deployment. Use a production WSGI server instead.[0m
 * Running on http://127.0.0.1:5000
werkzeug - INFO - [33mPress CTRL+C to quit[0m
werkzeug - INFO -  * Restarting with stat
werkzeug - WARNING -  * Debugger is active!
werkzeug - INFO -  * Debugger PIN: 871-619-424
werkzeug - INFO - 127.0.0.1 - - [12/Aug/2023 14:34:31] "GET /index HTTP/1.1" 200 -
werkzeug - INFO - 127.0.0.1 - - [12/Aug/2023 14:34:40] "GET /home HTTP/1.1" 200 -
werkzeug - INFO -  * Detected change in '/home/ksmith/birds/stock_stuff/web/mv_avg_window_optimizer.py', reloading
werkzeug - INFO -  * Restarting with stat
werkzeug - WARNING -  * Debugger is active!
werkzeug - INFO -  * Debugger PIN: 871-619-424
urllib3.connectionpool - DEBUG - Starting new HTTPS connection (1): query2.finance.yahoo.com:443
urllib3.connectionpool - DEBUG - https://query2.finance.yahoo.com:443 "GET /v1/finance/search?q=SAGE HTTP/1.1" 200 None
urllib3.connectionpool - DEBUG - Starting new HTTPS connection (1): finance.yahoo.com:443
urllib3.connectionpool - DEBUG - https://finance.yahoo.com:443 "GET /news/15-most-important-medical-discoveries-160514047.html HTTP/1.1" 200 114261
urllib3.connectionpool - DEBUG - Starting new HTTPS connection (1): finance.yahoo.com:443
urllib3.connectionpool - DEBUG - https://finance.yahoo.com:443 "GET /m/d1316278-65a6-3155-9ee6-617247699dc3/why-shares-of-sage.html HTTP/1.1" 404 None
urllib3.connectionpool - DEBUG - Starting new HTTPS connection (1): finance.yahoo.com:443
urllib3.connectionpool - DEBUG - https://finance.yahoo.com:443 "GET /news/biotech-stock-roundup-sage-grtx-143400210.html HTTP/1.1" 200 109740
urllib3.connectionpool - DEBUG - Starting new HTTPS connection (1): finance.yahoo.com:443
urllib3.connectionpool - DEBUG - https://finance.yahoo.com:443 "GET /m/53beebf1-a3df-3784-b050-ef8b471b1f0d/2-beaten-down-stocks-that.html HTTP/1.1" 200 103135
urllib3.connectionpool - DEBUG - Starting new HTTPS connection (1): finance.yahoo.com:443
urllib3.connectionpool - DEBUG - https://finance.yahoo.com:443 "GET /news/company-news-aug-8-2023-134200953.html HTTP/1.1" 200 104862
urllib3.connectionpool - DEBUG - Starting new HTTPS connection (1): finance.yahoo.com:443
urllib3.connectionpool - DEBUG - https://finance.yahoo.com:443 "GET /m/9fc3a955-78d7-3120-8a10-80cdfdf2ba46/is-sage-therapeutics-a.html HTTP/1.1" 404 None
urllib3.connectionpool - DEBUG - Starting new HTTPS connection (1): finance.yahoo.com:443
urllib3.connectionpool - DEBUG - https://finance.yahoo.com:443 "GET /news/analysts-just-made-major-revision-100216822.html HTTP/1.1" 200 105705
urllib3.connectionpool - DEBUG - Starting new HTTPS connection (1): finance.yahoo.com:443
urllib3.connectionpool - DEBUG - https://finance.yahoo.com:443 "GET /m/bf5e4fd5-cc59-3600-a5de-3ddccd04f326/why-sage-lost-half-its-value.html HTTP/1.1" 200 101992
root - DEBUG - Instantiating Optimized_Symbol with values: symbol=SAGE, period=12mo
yfinance - DEBUG - Entering history()
yfinance - DEBUG - SAGE: Yahoo GET parameters: {'range': '12mo', 'interval': '1d', 'includePrePost': False, 'events': 'div,splits,capitalGains'}
urllib3.connectionpool - DEBUG - Starting new HTTPS connection (1): query2.finance.yahoo.com:443
urllib3.connectionpool - DEBUG - https://query2.finance.yahoo.com:443 "GET /v8/finance/chart/SAGE?range=12mo&interval=1d&includePrePost=False&events=div%2Csplits%2CcapitalGains HTTP/1.1" 200 None
yfinance - DEBUG - SAGE: yfinance received OHLC data: 2022-08-12 13:30:00 -> 2023-08-11 13:30:00
yfinance - DEBUG - SAGE: OHLC after cleaning: 2022-08-12 09:30:00-04:00 -> 2023-08-11 09:30:00-04:00
yfinance - DEBUG - SAGE: OHLC after combining events: 2022-08-12 00:00:00-04:00 -> 2023-08-11 00:00:00-04:00
yfinance - DEBUG - SAGE: yfinance returning OHLC: 2022-08-12 00:00:00-04:00 -> 2023-08-11 00:00:00-04:00
yfinance - DEBUG - Exiting history()
werkzeug - INFO - 127.0.0.1 - - [12/Aug/2023 14:36:26] "GET /showLineChart/SAGE HTTP/1.1" 200 -
root - DEBUG - Instantiating Optimized_Symbol with values: symbol=SAGE, period=12mo
yfinance - DEBUG - Entering history()
yfinance - DEBUG - SAGE: Yahoo GET parameters: {'range': '12mo', 'interval': '1d', 'includePrePost': False, 'events': 'div,splits,capitalGains'}
urllib3.connectionpool - DEBUG - Starting new HTTPS connection (1): query2.finance.yahoo.com:443
urllib3.connectionpool - DEBUG - https://query2.finance.yahoo.com:443 "GET /v8/finance/chart/SAGE?range=12mo&interval=1d&includePrePost=False&events=div%2Csplits%2CcapitalGains HTTP/1.1" 200 None
yfinance - DEBUG - SAGE: yfinance received OHLC data: 2022-08-12 13:30:00 -> 2023-08-11 13:30:00
yfinance - DEBUG - SAGE: OHLC after cleaning: 2022-08-12 09:30:00-04:00 -> 2023-08-11 09:30:00-04:00
yfinance - DEBUG - SAGE: OHLC after combining events: 2022-08-12 00:00:00-04:00 -> 2023-08-11 00:00:00-04:00
yfinance - DEBUG - SAGE: yfinance returning OHLC: 2022-08-12 00:00:00-04:00 -> 2023-08-11 00:00:00-04:00
yfinance - DEBUG - Exiting history()
werkzeug - INFO - 127.0.0.1 - - [12/Aug/2023 14:37:46] "[32mGET /optimization_refresh/SAGE HTTP/1.1[0m" 302 -
urllib3.connectionpool - DEBUG - Starting new HTTPS connection (1): query2.finance.yahoo.com:443
urllib3.connectionpool - DEBUG - https://query2.finance.yahoo.com:443 "GET /v1/finance/search?q=SAGE HTTP/1.1" 200 None
urllib3.connectionpool - DEBUG - Starting new HTTPS connection (1): finance.yahoo.com:443
urllib3.connectionpool - DEBUG - https://finance.yahoo.com:443 "GET /news/15-most-important-medical-discoveries-160514047.html HTTP/1.1" 200 114261
urllib3.connectionpool - DEBUG - Starting new HTTPS connection (1): finance.yahoo.com:443
urllib3.connectionpool - DEBUG - https://finance.yahoo.com:443 "GET /m/d1316278-65a6-3155-9ee6-617247699dc3/why-shares-of-sage.html HTTP/1.1" 404 None
urllib3.connectionpool - DEBUG - Starting new HTTPS connection (1): finance.yahoo.com:443
urllib3.connectionpool - DEBUG - https://finance.yahoo.com:443 "GET /news/biotech-stock-roundup-sage-grtx-143400210.html HTTP/1.1" 200 109740
urllib3.connectionpool - DEBUG - Starting new HTTPS connection (1): finance.yahoo.com:443
urllib3.connectionpool - DEBUG - https://finance.yahoo.com:443 "GET /m/53beebf1-a3df-3784-b050-ef8b471b1f0d/2-beaten-down-stocks-that.html HTTP/1.1" 200 103135
urllib3.connectionpool - DEBUG - Starting new HTTPS connection (1): finance.yahoo.com:443
urllib3.connectionpool - DEBUG - https://finance.yahoo.com:443 "GET /news/company-news-aug-8-2023-134200953.html HTTP/1.1" 200 104862
urllib3.connectionpool - DEBUG - Starting new HTTPS connection (1): finance.yahoo.com:443
urllib3.connectionpool - DEBUG - https://finance.yahoo.com:443 "GET /m/9fc3a955-78d7-3120-8a10-80cdfdf2ba46/is-sage-therapeutics-a.html HTTP/1.1" 404 None
urllib3.connectionpool - DEBUG - Starting new HTTPS connection (1): finance.yahoo.com:443
urllib3.connectionpool - DEBUG - https://finance.yahoo.com:443 "GET /news/analysts-just-made-major-revision-100216822.html HTTP/1.1" 200 105705
urllib3.connectionpool - DEBUG - Starting new HTTPS connection (1): finance.yahoo.com:443
urllib3.connectionpool - DEBUG - https://finance.yahoo.com:443 "GET /m/bf5e4fd5-cc59-3600-a5de-3ddccd04f326/why-sage-lost-half-its-value.html HTTP/1.1" 200 101992
root - DEBUG - Instantiating Optimized_Symbol with values: symbol=SAGE, period=12mo
yfinance - DEBUG - Entering history()
yfinance - DEBUG - SAGE: Yahoo GET parameters: {'range': '12mo', 'interval': '1d', 'includePrePost': False, 'events': 'div,splits,capitalGains'}
urllib3.connectionpool - DEBUG - Starting new HTTPS connection (1): query2.finance.yahoo.com:443
urllib3.connectionpool - DEBUG - https://query2.finance.yahoo.com:443 "GET /v8/finance/chart/SAGE?range=12mo&interval=1d&includePrePost=False&events=div%2Csplits%2CcapitalGains HTTP/1.1" 200 None
yfinance - DEBUG - SAGE: yfinance received OHLC data: 2022-08-12 13:30:00 -> 2023-08-11 13:30:00
yfinance - DEBUG - SAGE: OHLC after cleaning: 2022-08-12 09:30:00-04:00 -> 2023-08-11 09:30:00-04:00
yfinance - DEBUG - SAGE: OHLC after combining events: 2022-08-12 00:00:00-04:00 -> 2023-08-11 00:00:00-04:00
yfinance - DEBUG - SAGE: yfinance returning OHLC: 2022-08-12 00:00:00-04:00 -> 2023-08-11 00:00:00-04:00
yfinance - DEBUG - Exiting history()
werkzeug - INFO - 127.0.0.1 - - [12/Aug/2023 14:37:48] "GET /showLineChart/SAGE HTTP/1.1" 200 -
werkzeug - INFO -  * Detected change in '/home/ksmith/birds/stock_stuff/web/app.py', reloading
werkzeug - INFO -  * Restarting with stat
werkzeug - WARNING -  * Debugger is active!
werkzeug - INFO -  * Debugger PIN: 871-619-424
root - INFO - Symbol {self.symbol} exists in the table optimized_symbol_parameters
root - INFO - Symbol details read from optimized_symbol_parameters
werkzeug - INFO - 127.0.0.1 - - [12/Aug/2023 14:43:30] "[35m[1mGET /optimization_refresh/SAGE HTTP/1.1[0m" 500 -
werkzeug - INFO - 127.0.0.1 - - [12/Aug/2023 14:43:30] "GET /optimization_refresh/SAGE?__debugger__=yes&cmd=resource&f=debugger.js HTTP/1.1" 200 -
werkzeug - INFO - 127.0.0.1 - - [12/Aug/2023 14:43:30] "GET /optimization_refresh/SAGE?__debugger__=yes&cmd=resource&f=style.css HTTP/1.1" 200 -
werkzeug - INFO - 127.0.0.1 - - [12/Aug/2023 14:43:30] "GET /optimization_refresh/SAGE?__debugger__=yes&cmd=resource&f=console.png HTTP/1.1" 200 -
werkzeug - INFO - 127.0.0.1 - - [12/Aug/2023 14:43:30] "[36mGET /optimization_refresh/SAGE?__debugger__=yes&cmd=resource&f=console.png HTTP/1.1[0m" 304 -
werkzeug - INFO -  * Detected change in '/home/ksmith/birds/stock_stuff/web/mv_avg_window_optimizer.py', reloading
werkzeug - INFO -  * Restarting with stat
werkzeug - WARNING -  * Debugger is active!
werkzeug - INFO -  * Debugger PIN: 871-619-424
root - INFO - Symbol {self.symbol} exists in the table optimized_symbol_parameters
root - INFO - Symbol details read from optimized_symbol_parameters
root - INFO - Updating optimized parameters for symbol SAGE
werkzeug - INFO -  * Detected change in '/home/ksmith/birds/stock_stuff/web/mv_avg_window_optimizer.py', reloading
werkzeug - INFO -  * Restarting with stat
werkzeug - WARNING -  * Debugger is active!
werkzeug - INFO -  * Debugger PIN: 871-619-424
root - INFO - Symbol SAGE exists in the table optimized_symbol_parameters
root - INFO - Symbol details read from optimized_symbol_parameters
root - INFO - Updating optimized parameters for symbol SAGE
root - INFO - Symbol SAGE exists in the table optimized_symbol_parameters
root - INFO - Symbol details read from optimized_symbol_parameters
root - INFO - Updating optimized parameters for symbol SAGE
werkzeug - INFO - 127.0.0.1 - - [12/Aug/2023 14:45:37] "[32mGET /optimization_refresh/SAGE HTTP/1.1[0m" 302 -
werkzeug - INFO - 127.0.0.1 - - [12/Aug/2023 14:45:38] "[32mGET /optimization_refresh/SAGE HTTP/1.1[0m" 302 -
root - INFO - Symbol SAGE exists in the table optimized_symbol_parameters
root - INFO - Symbol details read from optimized_symbol_parameters
werkzeug - INFO - 127.0.0.1 - - [12/Aug/2023 14:45:41] "GET /showLineChart/SAGE HTTP/1.1" 200 -
root - INFO - Symbol SAGE exists in the table optimized_symbol_parameters
root - INFO - Symbol details read from optimized_symbol_parameters
root - INFO - Updating optimized parameters for symbol SAGE
werkzeug - INFO - 127.0.0.1 - - [12/Aug/2023 14:46:50] "[32mGET /optimization_refresh/SAGE HTTP/1.1[0m" 302 -
root - INFO - Symbol SAGE exists in the table optimized_symbol_parameters
root - INFO - Symbol details read from optimized_symbol_parameters
werkzeug - INFO - 127.0.0.1 - - [12/Aug/2023 14:46:53] "GET /showLineChart/SAGE HTTP/1.1" 200 -
werkzeug - INFO -  * Detected change in '/home/ksmith/birds/stock_stuff/web/app.py', reloading
werkzeug - INFO -  * Restarting with stat
2023-08-12 14:47:04,270: werkzeug - WARNING -  * Debugger is active!
2023-08-12 14:47:04,270: werkzeug - INFO -  * Debugger PIN: 871-619-424
